<?xml version="1.0" encoding="UTF-8"?>
<!-- Generated by org.testng.reporters.JUnitReportReporter -->
<testsuite hostname="DESKTOP-1E9PTFA" failures="0" tests="1" name="AssignmentIntern.TC001_LoginTestcase" time="3.834" errors="0" timestamp="2025-02-21T11:45:22 IST" skipped="0">
  <testcase classname="AssignmentIntern.TC001_LoginTestcase" name="CheckingAmountSorted" time="3.834"/>
</testsuite> <!-- AssignmentIntern.TC001_LoginTestcase -->
