<?xml version="1.0" encoding="UTF-8"?>
<!-- Generated by org.testng.reporters.JUnitReportReporter -->
<testsuite hostname="DESKTOP-1E9PTFA" failures="0" tests="1" name="testCases.TC001_AccountregistrationAccount" time="3.136" errors="0" timestamp="2024-12-06T16:36:56 IST" skipped="0">
  <testcase classname="testCases.TC001_AccountregistrationAccount" name="verify_account_registration" time="3.136"/>
</testsuite> <!-- testCases.TC001_AccountregistrationAccount -->
